[2024-06-04 14:34:14,839: INFO: main: This is out custom log !!]
[2024-06-04 14:34:48,501: INFO: main: This is out custom log !!]
[2024-06-04 14:35:08,868: INFO: main: This is out custom log !!]
[2024-06-06 13:52:18,543: INFO: common: yaml file: config\config.yaml loaded successfully]
[2024-06-06 13:52:18,547: INFO: common: yaml file: params.yaml loaded successfully]
[2024-06-06 13:52:18,547: INFO: common: yaml file: schema.yaml loaded successfully]
[2024-06-06 13:52:18,547: INFO: common: created directory at: artifacts]
[2024-06-06 13:52:18,560: INFO: common: created directory at: artifacts/data_ingestion]
[2024-06-06 13:52:20,664: INFO: 3447005916: artifacts/data_ingestion/data.zip download! with following info: 
Connection: close
Content-Length: 21952
Cache-Control: max-age=300
Content-Security-Policy: default-src 'none'; style-src 'unsafe-inline'; sandbox
Content-Type: application/zip
ETag: "033eaafce07e70efef53adf11f61241e749c34ec15a75dabf07ec25d21832f66"
Strict-Transport-Security: max-age=31536000
X-Content-Type-Options: nosniff
X-Frame-Options: deny
X-XSS-Protection: 1; mode=block
X-GitHub-Request-Id: 3A6C:18B564:29736F:2F5B5F:666171BF
Accept-Ranges: bytes
Date: Thu, 06 Jun 2024 08:22:23 GMT
Via: 1.1 varnish
X-Served-By: cache-bom4747-BOM
X-Cache: MISS
X-Cache-Hits: 0
X-Timer: S1717662143.091757,VS0,VE359
Vary: Authorization,Accept-Encoding,Origin
Access-Control-Allow-Origin: *
Cross-Origin-Resource-Policy: cross-origin
X-Fastly-Request-ID: c206dd271560d9d1b3f49353bc88617241c95152
Expires: Thu, 06 Jun 2024 08:27:23 GMT
Source-Age: 0

]
[2024-06-06 14:23:27,673: INFO: common: yaml file: config\config.yaml loaded successfully]
[2024-06-06 14:23:27,675: INFO: common: yaml file: params.yaml loaded successfully]
[2024-06-06 14:23:27,675: INFO: common: yaml file: schema.yaml loaded successfully]
[2024-06-06 14:23:27,675: INFO: common: created directory at: artifacts]
[2024-06-06 14:23:27,682: INFO: common: created directory at: artifacts/data_ingestion]
[2024-06-06 14:23:27,682: INFO: 3447005916: File already exists of size: ~ 21 KB]
[2024-06-06 14:28:48,905: INFO: main: >>>>>> stage Data Ingestion stage started <<<<<<]
[2024-06-06 14:28:48,905: INFO: common: yaml file: config\config.yaml loaded successfully]
[2024-06-06 14:28:48,905: INFO: common: yaml file: params.yaml loaded successfully]
[2024-06-06 14:28:48,905: INFO: common: yaml file: schema.yaml loaded successfully]
[2024-06-06 14:28:48,905: INFO: common: created directory at: artifacts]
[2024-06-06 14:28:48,905: INFO: common: created directory at: artifacts/data_ingestion]
[2024-06-06 14:28:48,905: INFO: data_ingestion: File already exists of size: ~ 21 KB]
[2024-06-06 14:28:48,919: INFO: main: >>>>>> stage Data Ingestion stage completed <<<<<<

x==========x]
[2024-06-07 10:30:57,681: INFO: common: yaml file: config\config.yaml loaded successfully]
[2024-06-07 10:30:57,696: INFO: common: yaml file: params.yaml loaded successfully]
[2024-06-07 10:30:57,699: INFO: common: yaml file: schema.yaml loaded successfully]
[2024-06-07 10:30:57,701: INFO: common: created directory at: artifacts]
[2024-06-07 10:30:57,702: INFO: common: created directory at: artifacts/data_validation]
[2024-06-07 10:37:08,143: INFO: common: yaml file: config\config.yaml loaded successfully]
[2024-06-07 10:37:08,143: INFO: common: yaml file: params.yaml loaded successfully]
[2024-06-07 10:37:08,154: INFO: common: yaml file: schema.yaml loaded successfully]
[2024-06-07 10:37:08,155: INFO: common: created directory at: artifacts]
[2024-06-07 10:37:08,156: INFO: common: created directory at: artifacts/data_validation]
[2024-06-07 11:01:24,215: INFO: main: >>>>>> stage Data Ingestion stage started <<<<<<]
[2024-06-07 11:01:24,215: INFO: common: yaml file: config\config.yaml loaded successfully]
[2024-06-07 11:01:24,215: INFO: common: yaml file: params.yaml loaded successfully]
[2024-06-07 11:01:24,215: INFO: common: yaml file: schema.yaml loaded successfully]
[2024-06-07 11:01:24,215: INFO: common: created directory at: artifacts]
[2024-06-07 11:01:24,215: INFO: common: created directory at: artifacts/data_ingestion]
[2024-06-07 11:01:26,141: INFO: data_ingestion: artifacts/data_ingestion/data.zip download! with following info: 
Connection: close
Content-Length: 21952
Cache-Control: max-age=300
Content-Security-Policy: default-src 'none'; style-src 'unsafe-inline'; sandbox
Content-Type: application/zip
ETag: "033eaafce07e70efef53adf11f61241e749c34ec15a75dabf07ec25d21832f66"
Strict-Transport-Security: max-age=31536000
X-Content-Type-Options: nosniff
X-Frame-Options: deny
X-XSS-Protection: 1; mode=block
X-GitHub-Request-Id: C607:11B9C9:5AAF62:68A102:66629B30
Accept-Ranges: bytes
Date: Fri, 07 Jun 2024 05:31:29 GMT
Via: 1.1 varnish
X-Served-By: cache-bom4741-BOM
X-Cache: MISS
X-Cache-Hits: 0
X-Timer: S1717738289.389161,VS0,VE318
Vary: Authorization,Accept-Encoding,Origin
Access-Control-Allow-Origin: *
Cross-Origin-Resource-Policy: cross-origin
X-Fastly-Request-ID: 00cacbf6b38dcf35ca92ea2b57ea8fb5c62fb8f7
Expires: Fri, 07 Jun 2024 05:36:29 GMT
Source-Age: 0

]
[2024-06-07 11:01:26,186: INFO: main: >>>>>> stage Data Ingestion stage completed <<<<<<

x==========x]
[2024-06-07 11:01:26,190: INFO: main: >>>>>> stage Data Validation stage started <<<<<<]
[2024-06-07 11:01:26,190: ERROR: main: name 'DataValidationTrainingPipeline' is not defined]
Traceback (most recent call last):
  File "C:\Users\HP\end-to-end-machine-learning\main.py", line 20, in <module>
    data_ingestion = DataValidationTrainingPipeline()
                     ^^^^^^^^^^^^^^^^^^^^^^^^^^^^^^
NameError: name 'DataValidationTrainingPipeline' is not defined
[2024-06-07 11:09:09,896: INFO: main: >>>>>> stage Data Ingestion stage started <<<<<<]
[2024-06-07 11:09:09,896: INFO: common: yaml file: config\config.yaml loaded successfully]
[2024-06-07 11:09:09,896: INFO: common: yaml file: params.yaml loaded successfully]
[2024-06-07 11:09:09,896: INFO: common: yaml file: schema.yaml loaded successfully]
[2024-06-07 11:09:09,896: INFO: common: created directory at: artifacts]
[2024-06-07 11:09:09,896: INFO: common: created directory at: artifacts/data_ingestion]
[2024-06-07 11:09:11,539: INFO: data_ingestion: artifacts/data_ingestion/data.zip download! with following info: 
Connection: close
Content-Length: 21952
Cache-Control: max-age=300
Content-Security-Policy: default-src 'none'; style-src 'unsafe-inline'; sandbox
Content-Type: application/zip
ETag: "033eaafce07e70efef53adf11f61241e749c34ec15a75dabf07ec25d21832f66"
Strict-Transport-Security: max-age=31536000
X-Content-Type-Options: nosniff
X-Frame-Options: deny
X-XSS-Protection: 1; mode=block
X-GitHub-Request-Id: C607:11B9C9:5AAF62:68A102:66629B30
Accept-Ranges: bytes
Date: Fri, 07 Jun 2024 05:39:15 GMT
Via: 1.1 varnish
X-Served-By: cache-bom4725-BOM
X-Cache: HIT
X-Cache-Hits: 0
X-Timer: S1717738755.696306,VS0,VE346
Vary: Authorization,Accept-Encoding,Origin
Access-Control-Allow-Origin: *
Cross-Origin-Resource-Policy: cross-origin
X-Fastly-Request-ID: 9e5f17c1fb30033b56978add2f15602508a8f543
Expires: Fri, 07 Jun 2024 05:44:15 GMT
Source-Age: 0

]
[2024-06-07 11:09:11,565: INFO: main: >>>>>> stage Data Ingestion stage completed <<<<<<

x==========x]
[2024-06-07 11:09:11,565: INFO: main: >>>>>> stage Data Validation stage started <<<<<<]
[2024-06-07 11:09:11,565: INFO: common: yaml file: config\config.yaml loaded successfully]
[2024-06-07 11:09:11,565: INFO: common: yaml file: params.yaml loaded successfully]
[2024-06-07 11:09:11,574: INFO: common: yaml file: schema.yaml loaded successfully]
[2024-06-07 11:09:11,574: INFO: common: created directory at: artifacts]
[2024-06-07 11:09:11,574: INFO: common: created directory at: artifacts/data_validation]
[2024-06-07 11:09:11,614: INFO: main: >>>>>> stage Data Validation stage completed <<<<<<

x==========x]
[2024-06-07 11:26:04,072: INFO: common: yaml file: config\config.yaml loaded successfully]
[2024-06-07 11:26:04,072: INFO: common: yaml file: params.yaml loaded successfully]
[2024-06-07 11:26:04,082: INFO: common: yaml file: schema.yaml loaded successfully]
[2024-06-07 11:26:04,082: INFO: common: created directory at: artifacts]
[2024-06-07 11:26:04,082: INFO: common: created directory at: artifacts/data_transformation]
[2024-06-07 11:27:51,683: INFO: common: yaml file: config\config.yaml loaded successfully]
[2024-06-07 11:27:51,684: INFO: common: yaml file: params.yaml loaded successfully]
[2024-06-07 11:27:51,688: INFO: common: yaml file: schema.yaml loaded successfully]
[2024-06-07 11:27:51,692: INFO: common: created directory at: artifacts]
[2024-06-07 11:27:51,693: INFO: common: created directory at: artifacts/data_transformation]
[2024-06-07 11:29:33,378: INFO: common: yaml file: config\config.yaml loaded successfully]
[2024-06-07 11:29:33,378: INFO: common: yaml file: params.yaml loaded successfully]
[2024-06-07 11:29:33,385: INFO: common: yaml file: schema.yaml loaded successfully]
[2024-06-07 11:29:33,385: INFO: common: created directory at: artifacts]
[2024-06-07 11:29:33,385: INFO: common: created directory at: artifacts/data_transformation]
[2024-06-07 11:29:33,426: INFO: 1637581648: Splited data into training and test sets]
[2024-06-07 11:29:33,426: INFO: 1637581648: (857, 13)]
[2024-06-07 11:29:33,426: INFO: 1637581648: (286, 13)]
[2024-06-07 11:44:27,959: INFO: main: >>>>>> stage Data Ingestion stage started <<<<<<]
[2024-06-07 11:44:27,959: INFO: common: yaml file: config\config.yaml loaded successfully]
[2024-06-07 11:44:27,959: INFO: common: yaml file: params.yaml loaded successfully]
[2024-06-07 11:44:27,959: INFO: common: yaml file: schema.yaml loaded successfully]
[2024-06-07 11:44:27,973: INFO: common: created directory at: artifacts]
[2024-06-07 11:44:27,973: INFO: common: created directory at: artifacts/data_ingestion]
[2024-06-07 11:44:27,974: INFO: data_ingestion: File already exists of size: ~ 21 KB]
[2024-06-07 11:44:27,974: INFO: main: >>>>>> stage Data Ingestion stage completed <<<<<<

x==========x]
[2024-06-07 11:44:27,980: INFO: main: >>>>>> stage Data Validation stage started <<<<<<]
[2024-06-07 11:44:27,982: INFO: common: yaml file: config\config.yaml loaded successfully]
[2024-06-07 11:44:27,983: INFO: common: yaml file: params.yaml loaded successfully]
[2024-06-07 11:44:27,983: INFO: common: yaml file: schema.yaml loaded successfully]
[2024-06-07 11:44:27,986: INFO: common: created directory at: artifacts]
[2024-06-07 11:44:27,987: INFO: common: created directory at: artifacts/data_validation]
[2024-06-07 11:44:28,011: INFO: main: >>>>>> stage Data Validation stage completed <<<<<<

x==========x]
[2024-06-07 11:44:28,011: INFO: main: >>>>>> stage Data Transformation stage started <<<<<<]
[2024-06-07 11:44:28,014: INFO: common: yaml file: config\config.yaml loaded successfully]
[2024-06-07 11:44:28,014: INFO: common: yaml file: params.yaml loaded successfully]
[2024-06-07 11:44:28,019: INFO: common: yaml file: schema.yaml loaded successfully]
[2024-06-07 11:44:28,019: INFO: common: created directory at: artifacts]
[2024-06-07 11:44:28,019: INFO: common: created directory at: artifacts/data_transformation]
[2024-06-07 11:44:28,033: INFO: data_transformation: Splited data into training and test sets]
[2024-06-07 11:44:28,033: INFO: data_transformation: (857, 13)]
[2024-06-07 11:44:28,042: INFO: data_transformation: (286, 13)]
[2024-06-07 11:44:28,042: INFO: main: >>>>>> stage Data Transformation stage completed <<<<<<

x==========x]
[2024-06-07 12:03:10,021: INFO: common: yaml file: config\config.yaml loaded successfully]
[2024-06-07 12:03:10,029: INFO: common: yaml file: params.yaml loaded successfully]
[2024-06-07 12:03:10,032: INFO: common: yaml file: schema.yaml loaded successfully]
[2024-06-07 12:03:10,032: INFO: common: created directory at: artifacts]
[2024-06-07 12:03:10,032: INFO: common: created directory at: artifacts/model_trainer]
[2024-06-07 12:24:47,236: INFO: main: >>>>>> stage Data Ingestion stage started <<<<<<]
[2024-06-07 12:24:47,237: INFO: common: yaml file: config\config.yaml loaded successfully]
[2024-06-07 12:24:47,237: INFO: common: yaml file: params.yaml loaded successfully]
[2024-06-07 12:24:47,237: INFO: common: yaml file: schema.yaml loaded successfully]
[2024-06-07 12:24:47,237: INFO: common: created directory at: artifacts]
[2024-06-07 12:24:47,243: INFO: common: created directory at: artifacts/data_ingestion]
[2024-06-07 12:24:47,243: INFO: data_ingestion: File already exists of size: ~ 21 KB]
[2024-06-07 12:24:47,244: INFO: main: >>>>>> stage Data Ingestion stage completed <<<<<<

x==========x]
[2024-06-07 12:24:47,244: INFO: main: >>>>>> stage Data Validation stage started <<<<<<]
[2024-06-07 12:24:47,252: INFO: common: yaml file: config\config.yaml loaded successfully]
[2024-06-07 12:24:47,252: INFO: common: yaml file: params.yaml loaded successfully]
[2024-06-07 12:24:47,256: INFO: common: yaml file: schema.yaml loaded successfully]
[2024-06-07 12:24:47,256: INFO: common: created directory at: artifacts]
[2024-06-07 12:24:47,256: INFO: common: created directory at: artifacts/data_validation]
[2024-06-07 12:24:47,285: INFO: main: >>>>>> stage Data Validation stage completed <<<<<<

x==========x]
[2024-06-07 12:24:47,285: INFO: main: >>>>>> stage Data Transformation stage started <<<<<<]
[2024-06-07 12:24:47,285: INFO: common: yaml file: config\config.yaml loaded successfully]
[2024-06-07 12:24:47,293: INFO: common: yaml file: params.yaml loaded successfully]
[2024-06-07 12:24:47,293: INFO: common: yaml file: schema.yaml loaded successfully]
[2024-06-07 12:24:47,298: INFO: common: created directory at: artifacts]
[2024-06-07 12:24:47,298: INFO: common: created directory at: artifacts/data_transformation]
[2024-06-07 12:24:47,318: INFO: data_transformation: Splited data into training and test sets]
[2024-06-07 12:24:47,318: INFO: data_transformation: (857, 13)]
[2024-06-07 12:24:47,318: INFO: data_transformation: (286, 13)]
[2024-06-07 12:24:47,318: INFO: main: >>>>>> stage Data Transformation stage completed <<<<<<

x==========x]
[2024-06-07 12:24:47,318: INFO: main: >>>>>> stage Model Trainer stage started <<<<<<]
[2024-06-07 12:24:47,321: INFO: common: yaml file: config\config.yaml loaded successfully]
[2024-06-07 12:24:47,321: INFO: common: yaml file: params.yaml loaded successfully]
[2024-06-07 12:24:47,326: INFO: common: yaml file: schema.yaml loaded successfully]
[2024-06-07 12:24:47,326: INFO: common: created directory at: artifacts]
[2024-06-07 12:24:47,326: INFO: common: created directory at: artifacts/model_trainer]
[2024-06-07 12:24:47,366: INFO: main: >>>>>> stage Model Trainer stage completed <<<<<<

x==========x]
[2024-06-07 12:51:58,515: INFO: common: yaml file: config\config.yaml loaded successfully]
[2024-06-07 12:51:58,515: INFO: common: yaml file: params.yaml loaded successfully]
[2024-06-07 12:51:58,520: INFO: common: yaml file: schema.yaml loaded successfully]
[2024-06-07 12:51:58,520: INFO: common: created directory at: artifacts]
[2024-06-07 12:51:58,525: INFO: common: created directory at: artifacts/model_evaluation]
[2024-06-07 12:51:58,614: INFO: common: json file saved at: artifacts\model_evaluation\metrics.json]
[2024-06-07 12:53:13,737: INFO: main: >>>>>> stage Data Ingestion stage started <<<<<<]
[2024-06-07 12:53:13,753: INFO: common: yaml file: config\config.yaml loaded successfully]
[2024-06-07 12:53:13,753: INFO: common: yaml file: params.yaml loaded successfully]
[2024-06-07 12:53:13,753: INFO: common: yaml file: schema.yaml loaded successfully]
[2024-06-07 12:53:13,753: INFO: common: created directory at: artifacts]
[2024-06-07 12:53:13,753: INFO: common: created directory at: artifacts/data_ingestion]
[2024-06-07 12:53:13,753: INFO: data_ingestion: File already exists of size: ~ 21 KB]
[2024-06-07 12:53:13,768: INFO: main: >>>>>> stage Data Ingestion stage completed <<<<<<

x==========x]
[2024-06-07 12:53:13,768: INFO: main: >>>>>> stage Data Validation stage started <<<<<<]
[2024-06-07 12:53:13,780: INFO: common: yaml file: config\config.yaml loaded successfully]
[2024-06-07 12:53:13,781: INFO: common: yaml file: params.yaml loaded successfully]
[2024-06-07 12:53:13,783: INFO: common: yaml file: schema.yaml loaded successfully]
[2024-06-07 12:53:13,784: INFO: common: created directory at: artifacts]
[2024-06-07 12:53:13,785: INFO: common: created directory at: artifacts/data_validation]
[2024-06-07 12:53:13,809: INFO: main: >>>>>> stage Data Validation stage completed <<<<<<

x==========x]
[2024-06-07 12:53:13,809: INFO: main: >>>>>> stage Data Transformation stage started <<<<<<]
[2024-06-07 12:53:13,815: INFO: common: yaml file: config\config.yaml loaded successfully]
[2024-06-07 12:53:13,817: INFO: common: yaml file: params.yaml loaded successfully]
[2024-06-07 12:53:13,819: INFO: common: yaml file: schema.yaml loaded successfully]
[2024-06-07 12:53:13,821: INFO: common: created directory at: artifacts]
[2024-06-07 12:53:13,822: INFO: common: created directory at: artifacts/data_transformation]
[2024-06-07 12:53:13,865: INFO: data_transformation: Splited data into training and test sets]
[2024-06-07 12:53:13,865: INFO: data_transformation: (857, 13)]
[2024-06-07 12:53:13,865: INFO: data_transformation: (286, 13)]
[2024-06-07 12:53:13,868: INFO: main: >>>>>> stage Data Transformation stage completed <<<<<<

x==========x]
[2024-06-07 12:53:13,868: INFO: main: >>>>>> stage Model Trainer stage started <<<<<<]
[2024-06-07 12:53:13,868: INFO: common: yaml file: config\config.yaml loaded successfully]
[2024-06-07 12:53:13,868: INFO: common: yaml file: params.yaml loaded successfully]
[2024-06-07 12:53:13,873: INFO: common: yaml file: schema.yaml loaded successfully]
[2024-06-07 12:53:13,874: INFO: common: created directory at: artifacts]
[2024-06-07 12:53:13,874: INFO: common: created directory at: artifacts/model_trainer]
[2024-06-07 12:53:13,901: INFO: main: >>>>>> stage Model Trainer stage completed <<<<<<

x==========x]
[2024-06-07 12:53:13,901: INFO: main: >>>>>> stage Model evaluation stage started <<<<<<]
[2024-06-07 12:53:13,909: INFO: common: yaml file: config\config.yaml loaded successfully]
[2024-06-07 12:53:13,910: INFO: common: yaml file: params.yaml loaded successfully]
[2024-06-07 12:53:13,912: INFO: common: yaml file: schema.yaml loaded successfully]
[2024-06-07 12:53:13,912: INFO: common: created directory at: artifacts]
[2024-06-07 12:53:13,913: INFO: common: created directory at: artifacts/model_evaluation]
[2024-06-07 12:53:13,923: INFO: common: json file saved at: artifacts\model_evaluation\metrics.json]
[2024-06-07 12:53:13,923: INFO: main: >>>>>> stage Model evaluation stage completed <<<<<<

x==========x]
[2024-06-07 12:53:28,625: INFO: main: >>>>>> stage Data Ingestion stage started <<<<<<]
[2024-06-07 12:53:28,625: INFO: common: yaml file: config\config.yaml loaded successfully]
[2024-06-07 12:53:28,641: INFO: common: yaml file: params.yaml loaded successfully]
[2024-06-07 12:53:28,641: INFO: common: yaml file: schema.yaml loaded successfully]
[2024-06-07 12:53:28,641: INFO: common: created directory at: artifacts]
[2024-06-07 12:53:28,646: INFO: common: created directory at: artifacts/data_ingestion]
[2024-06-07 12:53:30,078: INFO: data_ingestion: artifacts/data_ingestion/data.zip download! with following info: 
Connection: close
Content-Length: 21952
Cache-Control: max-age=300
Content-Security-Policy: default-src 'none'; style-src 'unsafe-inline'; sandbox
Content-Type: application/zip
ETag: "033eaafce07e70efef53adf11f61241e749c34ec15a75dabf07ec25d21832f66"
Strict-Transport-Security: max-age=31536000
X-Content-Type-Options: nosniff
X-Frame-Options: deny
X-XSS-Protection: 1; mode=block
X-GitHub-Request-Id: 0E1C:3111BF:65E1D:8F92C:6662B575
Accept-Ranges: bytes
Date: Fri, 07 Jun 2024 07:23:33 GMT
Via: 1.1 varnish
X-Served-By: cache-bom4750-BOM
X-Cache: MISS
X-Cache-Hits: 0
X-Timer: S1717745013.413251,VS0,VE284
Vary: Authorization,Accept-Encoding,Origin
Access-Control-Allow-Origin: *
Cross-Origin-Resource-Policy: cross-origin
X-Fastly-Request-ID: 1d9d663964f58e55c2d3fb171ab0702672840c87
Expires: Fri, 07 Jun 2024 07:28:33 GMT
Source-Age: 0

]
[2024-06-07 12:53:30,096: INFO: main: >>>>>> stage Data Ingestion stage completed <<<<<<

x==========x]
[2024-06-07 12:53:30,096: INFO: main: >>>>>> stage Data Validation stage started <<<<<<]
[2024-06-07 12:53:30,103: INFO: common: yaml file: config\config.yaml loaded successfully]
[2024-06-07 12:53:30,105: INFO: common: yaml file: params.yaml loaded successfully]
[2024-06-07 12:53:30,107: INFO: common: yaml file: schema.yaml loaded successfully]
[2024-06-07 12:53:30,108: INFO: common: created directory at: artifacts]
[2024-06-07 12:53:30,109: INFO: common: created directory at: artifacts/data_validation]
[2024-06-07 12:53:30,143: INFO: main: >>>>>> stage Data Validation stage completed <<<<<<

x==========x]
[2024-06-07 12:53:30,143: INFO: main: >>>>>> stage Data Transformation stage started <<<<<<]
[2024-06-07 12:53:30,147: INFO: common: yaml file: config\config.yaml loaded successfully]
[2024-06-07 12:53:30,149: INFO: common: yaml file: params.yaml loaded successfully]
[2024-06-07 12:53:30,151: INFO: common: yaml file: schema.yaml loaded successfully]
[2024-06-07 12:53:30,152: INFO: common: created directory at: artifacts]
[2024-06-07 12:53:30,153: INFO: common: created directory at: artifacts/data_transformation]
[2024-06-07 12:53:30,170: INFO: data_transformation: Splited data into training and test sets]
[2024-06-07 12:53:30,171: INFO: data_transformation: (857, 13)]
[2024-06-07 12:53:30,171: INFO: data_transformation: (286, 13)]
[2024-06-07 12:53:30,171: INFO: main: >>>>>> stage Data Transformation stage completed <<<<<<

x==========x]
[2024-06-07 12:53:30,172: INFO: main: >>>>>> stage Model Trainer stage started <<<<<<]
[2024-06-07 12:53:30,174: INFO: common: yaml file: config\config.yaml loaded successfully]
[2024-06-07 12:53:30,174: INFO: common: yaml file: params.yaml loaded successfully]
[2024-06-07 12:53:30,175: INFO: common: yaml file: schema.yaml loaded successfully]
[2024-06-07 12:53:30,175: INFO: common: created directory at: artifacts]
[2024-06-07 12:53:30,178: INFO: common: created directory at: artifacts/model_trainer]
[2024-06-07 12:53:30,206: INFO: main: >>>>>> stage Model Trainer stage completed <<<<<<

x==========x]
[2024-06-07 12:53:30,207: INFO: main: >>>>>> stage Model evaluation stage started <<<<<<]
[2024-06-07 12:53:30,209: INFO: common: yaml file: config\config.yaml loaded successfully]
[2024-06-07 12:53:30,209: INFO: common: yaml file: params.yaml loaded successfully]
[2024-06-07 12:53:30,209: INFO: common: yaml file: schema.yaml loaded successfully]
[2024-06-07 12:53:30,209: INFO: common: created directory at: artifacts]
[2024-06-07 12:53:30,213: INFO: common: created directory at: artifacts/model_evaluation]
[2024-06-07 12:53:30,226: INFO: common: json file saved at: artifacts\model_evaluation\metrics.json]
[2024-06-07 12:53:30,231: INFO: main: >>>>>> stage Model evaluation stage completed <<<<<<

x==========x]
